2024-08-29 14:41:54 [http-nio-8080-exec-3] INFO  com.wavemaker.controller.LoginServlet - logged in
2024-08-29 14:50:17 [http-nio-8080-exec-10] INFO  com.wavemaker.controller.LoginServlet - logged in
2024-08-29 14:50:19 [http-nio-8080-exec-4] INFO  com.wavemaker.controller.LoginServlet - logged in
2024-08-29 14:50:40 [http-nio-8080-exec-10] INFO  com.wavemaker.controller.LoginServlet - logged in
2024-08-29 14:50:53 [http-nio-8080-exec-4] INFO  com.wavemaker.controller.LoginServlet - logged in
2024-08-29 14:51:22 [http-nio-8080-exec-10] INFO  com.wavemaker.controller.LoginServlet - logged in
2024-08-29 14:51:39 [http-nio-8080-exec-6] INFO  com.wavemaker.controller.LoginServlet - logged in
2024-08-29 14:52:25 [http-nio-8080-exec-3] INFO  com.wavemaker.controller.LoginServlet - logged in
2024-08-29 14:53:20 [http-nio-8080-exec-5] INFO  com.wavemaker.controller.LoginServlet - logged in
2024-08-29 14:53:20 [http-nio-8080-exec-4] INFO  com.wavemaker.controller.LoginServlet - logged in
2024-08-29 14:54:06 [http-nio-8080-exec-2] INFO  com.wavemaker.controller.LoginServlet - logged in
2024-08-29 14:54:50 [http-nio-8080-exec-8] INFO  com.wavemaker.controller.LoginServlet - logged in
2024-08-29 14:54:54 [http-nio-8080-exec-2] INFO  com.wavemaker.controller.LoginServlet - logged in
2024-08-29 15:19:56 [http-nio-8080-exec-8] INFO  com.wavemaker.controller.LoginServlet - logged in
2024-08-29 15:22:47 [http-nio-8080-exec-1] INFO  com.wavemaker.controller.LoginServlet - logged in
2024-08-29 15:24:57 [http-nio-8080-exec-7] INFO  com.wavemaker.controller.LoginServlet - logged in
2024-08-29 15:35:40 [http-nio-8080-exec-4] INFO  com.wavemaker.controller.LoginServlet - logged in
2024-08-29 15:36:16 [http-nio-8080-exec-3] INFO  com.wavemaker.controller.LoginServlet - logged in
2024-08-29 15:41:10 [http-nio-8080-exec-9] INFO  com.wavemaker.controller.LoginServlet - logged in
2024-08-29 15:41:12 [http-nio-8080-exec-5] INFO  com.wavemaker.controller.LoginServlet - logged in
2024-08-29 15:42:29 [http-nio-8080-exec-3] INFO  com.wavemaker.controller.LoginServlet - logged in
2024-08-29 15:44:45 [http-nio-8080-exec-9] INFO  com.wavemaker.controller.LoginServlet - logged in
2024-08-29 15:46:53 [http-nio-8080-exec-6] INFO  com.wavemaker.controller.LoginServlet - logged in
2024-08-29 15:46:57 [http-nio-8080-exec-2] INFO  com.wavemaker.controller.LoginServlet - logged in
2024-08-29 15:47:31 [http-nio-8080-exec-3] INFO  com.wavemaker.controller.LoginServlet - logged in
2024-08-29 15:48:21 [http-nio-8080-exec-10] INFO  com.wavemaker.controller.LoginServlet - logged in
2024-08-29 15:49:53 [http-nio-8080-exec-7] INFO  com.wavemaker.controller.LoginServlet - logged in
2024-08-29 15:50:37 [http-nio-8080-exec-4] INFO  com.wavemaker.controller.LoginServlet - logged in
2024-08-29 15:51:54 [http-nio-8080-exec-3] INFO  com.wavemaker.controller.LoginServlet - logged in
2024-08-29 15:52:23 [http-nio-8080-exec-10] INFO  com.wavemaker.controller.LoginServlet - logged in
2024-08-29 15:53:17 [http-nio-8080-exec-5] INFO  com.wavemaker.controller.LoginServlet - logged in
2024-08-29 15:53:30 [http-nio-8080-exec-3] INFO  com.wavemaker.controller.LoginServlet - logged in
2024-08-29 15:55:35 [http-nio-8080-exec-10] INFO  com.wavemaker.controller.LoginServlet - logged in
2024-08-29 16:01:18 [http-nio-8080-exec-5] INFO  com.wavemaker.controller.LoginServlet - logged in
2024-08-29 16:01:45 [http-nio-8080-exec-1] INFO  com.wavemaker.controller.LoginServlet - logged in
2024-08-29 16:02:13 [http-nio-8080-exec-10] INFO  com.wavemaker.controller.LoginServlet - logged in
2024-08-29 16:02:54 [http-nio-8080-exec-1] INFO  com.wavemaker.controller.LoginServlet - logged in
2024-08-29 16:03:28 [http-nio-8080-exec-10] INFO  com.wavemaker.controller.LoginServlet - logged in
2024-08-29 16:04:45 [http-nio-8080-exec-1] INFO  com.wavemaker.controller.LoginServlet - logged in
2024-08-29 16:10:44 [http-nio-8080-exec-5] INFO  com.wavemaker.controller.LoginServlet - logged in
2024-08-29 16:21:27 [http-nio-8080-exec-5] INFO  com.wavemaker.controller.LoginServlet - logged in
2024-08-29 17:07:04 [http-nio-8080-exec-5] INFO  com.wavemaker.controller.LoginServlet - logged in
2024-08-29 17:11:18 [http-nio-8080-exec-3] INFO  com.wavemaker.controller.LoginServlet - logged in
2024-08-29 17:16:29 [http-nio-8080-exec-3] INFO  com.wavemaker.controller.LoginServlet - logged in
2024-08-29 17:19:04 [http-nio-8080-exec-1] INFO  com.wavemaker.controller.LoginServlet - logged in
2024-08-29 17:19:45 [http-nio-8080-exec-2] INFO  com.wavemaker.controller.LoginServlet - logged in
2024-08-29 17:40:45 [http-nio-8080-exec-2] INFO  com.wavemaker.controller.LoginServlet - logged in
2024-08-29 20:38:08 [http-nio-8080-exec-7] INFO  com.wavemaker.controller.LoginServlet - logged in
2024-08-29 20:48:10 [http-nio-8080-exec-2] INFO  com.wavemaker.controller.LoginServlet - logged in
2024-08-29 21:11:37 [http-nio-8080-exec-1] ERROR com.wavemaker.repository.impl.LeaveRepositoryimpl - java.sql.SQLSyntaxErrorException: Unknown column 'TYPE' in 'field list'
2024-08-29 21:50:14 [http-nio-8080-exec-3] INFO  com.wavemaker.controller.LoginServlet - logged in
2024-08-29 21:50:15 [http-nio-8080-exec-4] ERROR com.wavemaker.repository.impl.LeaveRepositoryimpl - java.sql.SQLSyntaxErrorException: Unknown column 'TYPE' in 'field list'
2024-08-29 21:59:45 [http-nio-8080-exec-8] ERROR com.wavemaker.repository.impl.LeaveRepositoryimpl - java.sql.SQLSyntaxErrorException: Unknown column 'TYPE' in 'field list'
2024-08-29 21:59:47 [http-nio-8080-exec-10] ERROR com.wavemaker.repository.impl.LeaveRepositoryimpl - java.sql.SQLSyntaxErrorException: Unknown column 'TYPE' in 'field list'
2024-08-29 22:00:33 [http-nio-8080-exec-2] INFO  com.wavemaker.controller.LoginServlet - logged in
2024-08-29 22:00:33 [http-nio-8080-exec-4] ERROR com.wavemaker.repository.impl.LeaveRepositoryimpl - java.sql.SQLSyntaxErrorException: Unknown column 'TYPE' in 'field list'
2024-08-29 22:01:49 [http-nio-8080-exec-8] ERROR com.wavemaker.repository.impl.LeaveRepositoryimpl - java.sql.SQLSyntaxErrorException: Unknown column 'TYPE' in 'field list'
2024-08-29 22:01:50 [http-nio-8080-exec-10] ERROR com.wavemaker.repository.impl.LeaveRepositoryimpl - java.sql.SQLSyntaxErrorException: Unknown column 'TYPE' in 'field list'
2024-08-29 22:01:51 [http-nio-8080-exec-2] ERROR com.wavemaker.repository.impl.LeaveRepositoryimpl - java.sql.SQLSyntaxErrorException: Unknown column 'TYPE' in 'field list'
2024-08-29 22:02:32 [http-nio-8080-exec-4] INFO  com.wavemaker.controller.LoginServlet - logged in
2024-08-29 22:02:32 [http-nio-8080-exec-6] ERROR com.wavemaker.repository.impl.LeaveRepositoryimpl - java.sql.SQLSyntaxErrorException: Unknown column 'TYPE' in 'field list'
2024-08-29 22:03:17 [http-nio-8080-exec-2] INFO  com.wavemaker.controller.LoginServlet - logged in
2024-08-29 22:03:18 [http-nio-8080-exec-4] ERROR com.wavemaker.repository.impl.LeaveRepositoryimpl - java.sql.SQLSyntaxErrorException: Unknown column 'TYPE' in 'field list'
2024-08-29 22:08:57 [http-nio-8080-exec-6] INFO  com.wavemaker.controller.LoginServlet - logged in
2024-08-29 22:08:57 [http-nio-8080-exec-9] ERROR com.wavemaker.repository.impl.LeaveRepositoryimpl - java.sql.SQLSyntaxErrorException: Unknown column 'TYPE' in 'field list'
2024-08-29 22:08:57 [http-nio-8080-exec-10] ERROR com.wavemaker.repository.impl.LeaveRepositoryimpl - java.sql.SQLSyntaxErrorException: Unknown column 'TYPE' in 'field list'
2024-08-29 22:43:53 [http-nio-8080-exec-1] INFO  com.wavemaker.controller.LoginServlet - logged in
2024-08-29 22:43:53 [http-nio-8080-exec-6] ERROR com.wavemaker.repository.impl.LeaveRepositoryimpl - java.sql.SQLException: Column 'TYPE' not found.
2024-08-29 22:43:53 [http-nio-8080-exec-5] ERROR com.wavemaker.repository.impl.LeaveRepositoryimpl - java.sql.SQLSyntaxErrorException: Unknown column 'TYPE' in 'field list'
2024-08-29 22:44:19 [http-nio-8080-exec-10] ERROR com.wavemaker.repository.impl.LeaveRepositoryimpl - java.sql.SQLSyntaxErrorException: Unknown column 'TYPE' in 'field list'
2024-08-29 22:44:19 [http-nio-8080-exec-2] ERROR com.wavemaker.repository.impl.LeaveRepositoryimpl - java.sql.SQLException: Column 'TYPE' not found.
2024-08-30 10:15:35 [http-nio-8080-exec-7] INFO  com.wavemaker.controller.LoginServlet - logged in
2024-08-30 10:15:35 [http-nio-8080-exec-1] ERROR com.wavemaker.repository.impl.LeaveRepositoryimpl - java.sql.SQLSyntaxErrorException: Unknown column 'TYPE' in 'field list'
2024-08-30 10:20:56 [http-nio-8080-exec-5] INFO  com.wavemaker.controller.LoginServlet - logged in
2024-08-30 10:20:56 [http-nio-8080-exec-7] ERROR com.wavemaker.repository.impl.LeaveRepositoryimpl - java.sql.SQLException: Column 'TYPE' not found.
2024-08-30 10:25:03 [http-nio-8080-exec-3] ERROR com.wavemaker.repository.impl.LeaveRepositoryimpl - java.sql.SQLException: Column 'TYPE' not found.
2024-08-30 10:25:07 [http-nio-8080-exec-5] ERROR com.wavemaker.repository.impl.LeaveRepositoryimpl - java.sql.SQLException: Column 'TYPE' not found.
2024-08-30 10:25:07 [http-nio-8080-exec-7] ERROR com.wavemaker.repository.impl.LeaveRepositoryimpl - java.sql.SQLException: Column 'TYPE' not found.
2024-08-30 10:25:42 [http-nio-8080-exec-2] INFO  com.wavemaker.controller.LoginServlet - logged in
2024-08-30 10:25:42 [http-nio-8080-exec-4] ERROR com.wavemaker.repository.impl.LeaveRepositoryimpl - java.sql.SQLException: Column 'TYPE' not found.
2024-08-30 10:26:56 [http-nio-8080-exec-9] ERROR com.wavemaker.repository.impl.LeaveRepositoryimpl - java.sql.SQLException: Column 'TYPE' not found.
2024-08-30 10:28:25 [http-nio-8080-exec-2] INFO  com.wavemaker.controller.LoginServlet - logged in
2024-08-30 10:29:41 [http-nio-8080-exec-5] INFO  com.wavemaker.controller.LoginServlet - logged in
2024-08-30 10:32:13 [http-nio-8080-exec-2] INFO  com.wavemaker.controller.LoginServlet - logged in
2024-08-30 10:42:10 [http-nio-8080-exec-7] INFO  com.wavemaker.controller.LoginServlet - logged in
2024-08-30 10:44:31 [http-nio-8080-exec-1] INFO  com.wavemaker.controller.LoginServlet - logged in
2024-08-30 10:49:30 [http-nio-8080-exec-2] INFO  com.wavemaker.controller.LoginServlet - logged in
2024-08-30 10:49:54 [http-nio-8080-exec-2] INFO  com.wavemaker.controller.LoginServlet - logged in
2024-08-30 10:51:37 [http-nio-8080-exec-2] INFO  com.wavemaker.controller.LoginServlet - logged in
2024-08-30 10:52:28 [http-nio-8080-exec-5] INFO  com.wavemaker.controller.LoginServlet - logged in
2024-08-30 10:54:11 [http-nio-8080-exec-5] INFO  com.wavemaker.controller.LoginServlet - logged in
2024-08-30 10:55:30 [http-nio-8080-exec-5] INFO  com.wavemaker.controller.LoginServlet - logged in
2024-08-30 10:59:34 [http-nio-8080-exec-4] INFO  com.wavemaker.controller.LoginServlet - logged in
2024-08-30 11:04:12 [http-nio-8080-exec-1] INFO  com.wavemaker.controller.LoginServlet - logged in
2024-08-30 11:04:44 [http-nio-8080-exec-1] INFO  com.wavemaker.controller.LoginServlet - logged in
2024-08-30 11:06:01 [http-nio-8080-exec-9] INFO  com.wavemaker.controller.LoginServlet - logged in
2024-08-30 11:07:28 [http-nio-8080-exec-2] INFO  com.wavemaker.repository.impl.LeaveRepositoryimpl - leave status changed
2024-08-30 11:17:21 [http-nio-8080-exec-3] INFO  com.wavemaker.repository.impl.LeaveRepositoryimpl - leave status changed
2024-08-30 11:17:59 [http-nio-8080-exec-4] INFO  com.wavemaker.repository.impl.LeaveRepositoryimpl - leave status changed
2024-08-30 11:21:39 [http-nio-8080-exec-6] INFO  com.wavemaker.repository.impl.LeaveRepositoryimpl - leave status changed
2024-08-30 11:21:41 [http-nio-8080-exec-8] INFO  com.wavemaker.repository.impl.LeaveRepositoryimpl - leave status changed
2024-08-30 12:06:53 [http-nio-8080-exec-1] INFO  com.wavemaker.controller.LoginServlet - logged in
2024-08-30 12:11:53 [http-nio-8080-exec-8] INFO  com.wavemaker.controller.LoginServlet - logged in
2024-08-30 12:12:50 [http-nio-8080-exec-7] INFO  com.wavemaker.controller.LoginServlet - logged in
2024-08-30 12:15:10 [http-nio-8080-exec-9] INFO  com.wavemaker.controller.LoginServlet - logged in
2024-08-30 12:29:48 [http-nio-8080-exec-5] INFO  com.wavemaker.controller.LoginServlet - logged in
2024-08-30 12:31:56 [http-nio-8080-exec-2] INFO  com.wavemaker.controller.LoginServlet - logged in
2024-08-30 12:33:02 [http-nio-8080-exec-10] INFO  com.wavemaker.controller.LoginServlet - logged in
2024-08-30 12:34:39 [http-nio-8080-exec-2] INFO  com.wavemaker.controller.LoginServlet - logged in
2024-08-30 12:35:00 [http-nio-8080-exec-4] INFO  com.wavemaker.controller.LoginServlet - logged in
2024-08-30 12:35:54 [http-nio-8080-exec-7] INFO  com.wavemaker.controller.LoginServlet - logged in
2024-08-30 12:36:54 [http-nio-8080-exec-5] INFO  com.wavemaker.controller.LoginServlet - logged in
2024-08-30 12:37:30 [http-nio-8080-exec-4] INFO  com.wavemaker.controller.LoginServlet - logged in
2024-08-30 12:37:59 [http-nio-8080-exec-3] INFO  com.wavemaker.controller.LoginServlet - logged in
2024-08-30 12:39:20 [http-nio-8080-exec-1] INFO  com.wavemaker.controller.LoginServlet - logged in
2024-08-30 12:40:00 [http-nio-8080-exec-4] INFO  com.wavemaker.controller.LoginServlet - logged in
2024-08-30 12:42:19 [http-nio-8080-exec-4] INFO  com.wavemaker.controller.LoginServlet - invalid credentials
2024-08-30 12:42:34 [http-nio-8080-exec-6] INFO  com.wavemaker.controller.LoginServlet - logged in
2024-08-30 12:42:58 [http-nio-8080-exec-3] INFO  com.wavemaker.controller.LoginServlet - logged in
2024-08-30 13:09:48 [http-nio-8080-exec-5] INFO  com.wavemaker.controller.LoginServlet - logged in
2024-08-30 13:10:10 [http-nio-8080-exec-3] INFO  com.wavemaker.controller.LoginServlet - logged in
2024-08-30 13:41:17 [http-nio-8080-exec-2] INFO  com.wavemaker.controller.LoginServlet - logged in
2024-08-30 13:46:59 [http-nio-8080-exec-6] INFO  com.wavemaker.controller.LoginServlet - logged in
2024-08-30 13:47:43 [http-nio-8080-exec-7] INFO  com.wavemaker.controller.LoginServlet - logged in
2024-08-30 15:23:21 [http-nio-8080-exec-6] INFO  com.wavemaker.controller.LoginServlet - logged in
2024-08-30 15:24:08 [http-nio-8080-exec-4] INFO  com.wavemaker.repository.impl.LeaveRepositoryimpl - leave status changed
2024-08-30 15:32:16 [http-nio-8080-exec-2] INFO  com.wavemaker.controller.LoginServlet - logged in
2024-08-30 15:57:44 [http-nio-8080-exec-2] INFO  com.wavemaker.controller.LoginServlet - logged in
2024-08-30 15:57:44 [http-nio-8080-exec-6] ERROR com.wavemaker.repository.impl.LeaveRepositoryimpl - java.sql.SQLException: Column 'COUNT' not found.
2024-08-30 15:58:27 [http-nio-8080-exec-2] ERROR com.wavemaker.repository.impl.LeaveRepositoryimpl - java.sql.SQLException: Column 'COUNT' not found.
2024-08-30 15:59:42 [http-nio-8080-exec-9] ERROR com.wavemaker.repository.impl.LeaveRepositoryimpl - java.sql.SQLException: Column 'COUNT' not found.
2024-08-30 15:59:50 [http-nio-8080-exec-10] INFO  com.wavemaker.controller.LoginServlet - logged in
2024-08-30 15:59:51 [http-nio-8080-exec-3] ERROR com.wavemaker.repository.impl.LeaveRepositoryimpl - java.sql.SQLException: Column 'COUNT' not found.
2024-08-31 10:19:55 [http-nio-8080-exec-4] INFO  com.wavemaker.controller.LoginServlet - logged in
2024-08-31 10:19:55 [http-nio-8080-exec-6] ERROR com.wavemaker.repository.impl.LeaveRepositoryimpl - java.sql.SQLException: Before start of result set
2024-08-31 10:23:04 [http-nio-8080-exec-2] ERROR com.wavemaker.repository.impl.LeaveRepositoryimpl - java.sql.SQLException: Before start of result set
2024-08-31 10:23:05 [http-nio-8080-exec-5] ERROR com.wavemaker.repository.impl.LeaveRepositoryimpl - java.sql.SQLException: Before start of result set
2024-08-31 10:23:29 [http-nio-8080-exec-4] INFO  com.wavemaker.controller.LoginServlet - logged in
2024-08-31 10:25:55 [http-nio-8080-exec-3] INFO  com.wavemaker.controller.LoginServlet - logged in
2024-08-31 10:28:52 [http-nio-8080-exec-4] INFO  com.wavemaker.controller.LoginServlet - logged in
2024-08-31 10:29:48 [http-nio-8080-exec-2] INFO  com.wavemaker.controller.LoginServlet - logged in
2024-08-31 10:30:20 [http-nio-8080-exec-1] INFO  com.wavemaker.controller.LoginServlet - logged in
2024-08-31 10:43:59 [http-nio-8080-exec-5] INFO  com.wavemaker.controller.LoginServlet - logged in
2024-08-31 10:57:14 [http-nio-8080-exec-4] INFO  com.wavemaker.controller.LoginServlet - logged in
2024-08-31 11:14:57 [http-nio-8080-exec-8] INFO  com.wavemaker.controller.LoginServlet - logged in
2024-08-31 11:19:35 [http-nio-8080-exec-5] INFO  com.wavemaker.controller.LoginServlet - logged in
2024-08-31 11:23:50 [http-nio-8080-exec-1] INFO  com.wavemaker.controller.LoginServlet - logged in
2024-08-31 11:33:26 [http-nio-8080-exec-9] INFO  com.wavemaker.controller.LoginServlet - logged in
2024-08-31 11:35:30 [http-nio-8080-exec-4] INFO  com.wavemaker.controller.LoginServlet - logged in
2024-08-31 11:37:47 [http-nio-8080-exec-3] INFO  com.wavemaker.controller.LoginServlet - logged in
2024-08-31 11:39:18 [http-nio-8080-exec-5] INFO  com.wavemaker.controller.LoginServlet - logged in
2024-08-31 11:42:30 [http-nio-8080-exec-5] INFO  com.wavemaker.controller.LoginServlet - logged in
2024-08-31 11:44:26 [http-nio-8080-exec-3] INFO  com.wavemaker.controller.LoginServlet - logged in
2024-08-31 11:46:59 [http-nio-8080-exec-5] INFO  com.wavemaker.controller.LoginServlet - logged in
2024-08-31 11:47:36 [http-nio-8080-exec-3] INFO  com.wavemaker.controller.LoginServlet - logged in
2024-08-31 12:14:12 [http-nio-8080-exec-7] INFO  com.wavemaker.controller.LoginServlet - logged in
2024-08-31 12:14:44 [http-nio-8080-exec-1] INFO  com.wavemaker.controller.LoginServlet - logged in
2024-08-31 13:15:07 [http-nio-8080-exec-3] INFO  com.wavemaker.controller.LoginServlet - logged in
2024-08-31 13:16:54 [http-nio-8080-exec-4] INFO  com.wavemaker.controller.LoginServlet - logged in
2024-08-31 19:11:41 [http-nio-8080-exec-5] INFO  com.wavemaker.controller.LoginServlet - logged in
2024-08-31 19:11:52 [http-nio-8080-exec-1] INFO  com.wavemaker.controller.LeavesServlet - SICK
2024-08-31 19:11:52 [http-nio-8080-exec-1] INFO  com.wavemaker.controller.LeavesServlet - 
2024-08-31 19:11:52 [http-nio-8080-exec-1] INFO  com.wavemaker.controller.LeavesServlet - 
2024-08-31 19:11:52 [http-nio-8080-exec-1] INFO  com.wavemaker.controller.LeavesServlet - 
2024-08-31 19:11:52 [http-nio-8080-exec-1] INFO  com.wavemaker.controller.LeavesServlet - PENDING
2024-08-31 19:11:52 [http-nio-8080-exec-1] ERROR com.wavemaker.repository.impl.LeaveRepositoryimpl - java.sql.SQLSyntaxErrorException: Unknown column 'TYPE' in 'field list'
2024-08-31 19:11:52 [http-nio-8080-exec-1] INFO  com.wavemaker.controller.LeavesServlet - com.wavemaker.models.Leaves@6668b89
2024-08-31 19:15:22 [http-nio-8080-exec-4] INFO  com.wavemaker.controller.LeavesServlet - SICK
2024-08-31 19:15:22 [http-nio-8080-exec-4] INFO  com.wavemaker.controller.LeavesServlet - 2024-08-21
2024-08-31 19:15:22 [http-nio-8080-exec-4] INFO  com.wavemaker.controller.LeavesServlet - 2024-08-21
2024-08-31 19:15:22 [http-nio-8080-exec-4] INFO  com.wavemaker.controller.LeavesServlet - 
2024-08-31 19:15:22 [http-nio-8080-exec-4] INFO  com.wavemaker.controller.LeavesServlet - PENDING
2024-08-31 19:15:22 [http-nio-8080-exec-4] ERROR com.wavemaker.repository.impl.LeaveRepositoryimpl - java.sql.SQLSyntaxErrorException: Unknown column 'TYPE' in 'field list'
2024-08-31 19:15:22 [http-nio-8080-exec-4] INFO  com.wavemaker.controller.LeavesServlet - com.wavemaker.models.Leaves@378cf9cd
2024-09-01 08:35:40 [http-nio-8080-exec-4] INFO  com.wavemaker.controller.LoginServlet - logged in
2024-09-01 08:35:52 [http-nio-8080-exec-10] INFO  com.wavemaker.controller.LeavesServlet - SICK
2024-09-01 08:35:52 [http-nio-8080-exec-10] INFO  com.wavemaker.controller.LeavesServlet - 2024-09-25
2024-09-01 08:35:52 [http-nio-8080-exec-10] INFO  com.wavemaker.controller.LeavesServlet - 2024-09-25
2024-09-01 08:35:52 [http-nio-8080-exec-10] INFO  com.wavemaker.controller.LeavesServlet - 
2024-09-01 08:35:52 [http-nio-8080-exec-10] INFO  com.wavemaker.controller.LeavesServlet - PENDING
2024-09-01 08:35:52 [http-nio-8080-exec-10] INFO  com.wavemaker.repository.impl.LeaveRepositoryimpl - Leave 6 successfully applied
2024-09-01 08:35:52 [http-nio-8080-exec-10] INFO  com.wavemaker.controller.LeavesServlet - com.wavemaker.models.Leaves@69b0f0b7
2024-09-01 08:48:17 [http-nio-8080-exec-8] INFO  com.wavemaker.controller.LeavesServlet - PATERNITY
2024-09-01 08:48:17 [http-nio-8080-exec-8] INFO  com.wavemaker.controller.LeavesServlet - 2024-09-23
2024-09-01 08:48:17 [http-nio-8080-exec-8] INFO  com.wavemaker.controller.LeavesServlet - 2024-09-23
2024-09-01 08:48:17 [http-nio-8080-exec-8] INFO  com.wavemaker.controller.LeavesServlet - 
2024-09-01 08:48:17 [http-nio-8080-exec-8] INFO  com.wavemaker.controller.LeavesServlet - PENDING
2024-09-01 08:48:17 [http-nio-8080-exec-8] INFO  com.wavemaker.repository.impl.LeaveRepositoryimpl - Leave 6 successfully applied
2024-09-01 08:48:17 [http-nio-8080-exec-8] INFO  com.wavemaker.controller.LeavesServlet - com.wavemaker.models.Leaves@5119d212
2024-09-01 08:49:03 [http-nio-8080-exec-5] INFO  com.wavemaker.controller.LoginServlet - logged in
2024-09-01 08:51:09 [http-nio-8080-exec-4] INFO  com.wavemaker.controller.LeavesServlet - SICK
2024-09-01 08:51:09 [http-nio-8080-exec-4] INFO  com.wavemaker.controller.LeavesServlet - 2024-09-25
2024-09-01 08:51:09 [http-nio-8080-exec-4] INFO  com.wavemaker.controller.LeavesServlet - 2024-09-25
2024-09-01 08:51:09 [http-nio-8080-exec-4] INFO  com.wavemaker.controller.LeavesServlet - 
2024-09-01 08:51:09 [http-nio-8080-exec-4] INFO  com.wavemaker.controller.LeavesServlet - PENDING
2024-09-01 08:51:09 [http-nio-8080-exec-4] INFO  com.wavemaker.repository.impl.LeaveRepositoryimpl - Leave 6 successfully applied
2024-09-01 08:51:09 [http-nio-8080-exec-4] INFO  com.wavemaker.controller.LeavesServlet - com.wavemaker.models.Leaves@355fba00
2024-09-01 08:52:36 [http-nio-8080-exec-2] INFO  com.wavemaker.controller.LoginServlet - logged in
2024-09-01 08:52:52 [http-nio-8080-exec-7] INFO  com.wavemaker.controller.LeavesServlet - SICK
2024-09-01 08:52:52 [http-nio-8080-exec-7] INFO  com.wavemaker.controller.LeavesServlet - 2024-09-23
2024-09-01 08:52:52 [http-nio-8080-exec-7] INFO  com.wavemaker.controller.LeavesServlet - 2024-09-23
2024-09-01 08:52:52 [http-nio-8080-exec-7] INFO  com.wavemaker.controller.LeavesServlet - 
2024-09-01 08:52:52 [http-nio-8080-exec-7] INFO  com.wavemaker.controller.LeavesServlet - PENDING
2024-09-01 08:52:52 [http-nio-8080-exec-7] INFO  com.wavemaker.repository.impl.LeaveRepositoryimpl - Leave 6 successfully applied
2024-09-01 08:52:52 [http-nio-8080-exec-7] INFO  com.wavemaker.controller.LeavesServlet - com.wavemaker.models.Leaves@69b0f0b7
2024-09-01 08:53:40 [http-nio-8080-exec-4] INFO  com.wavemaker.controller.LeavesServlet - SICK
2024-09-01 08:53:40 [http-nio-8080-exec-4] INFO  com.wavemaker.controller.LeavesServlet - 2024-09-25
2024-09-01 08:53:40 [http-nio-8080-exec-4] INFO  com.wavemaker.controller.LeavesServlet - 2024-09-25
2024-09-01 08:53:40 [http-nio-8080-exec-4] INFO  com.wavemaker.controller.LeavesServlet - 
2024-09-01 08:53:40 [http-nio-8080-exec-4] INFO  com.wavemaker.controller.LeavesServlet - PENDING
2024-09-01 08:53:40 [http-nio-8080-exec-4] INFO  com.wavemaker.repository.impl.LeaveRepositoryimpl - Leave 6 successfully applied
2024-09-01 08:53:40 [http-nio-8080-exec-4] INFO  com.wavemaker.controller.LeavesServlet - com.wavemaker.models.Leaves@6ef4434f
2024-09-01 09:06:01 [http-nio-8080-exec-2] INFO  com.wavemaker.controller.LoginServlet - logged in
2024-09-01 09:06:02 [http-nio-8080-exec-5] ERROR com.wavemaker.repository.impl.LeaveRepositoryimpl - java.sql.SQLSyntaxErrorException: Incorrect parameter count in the call to native function 'DATEDIFF'
2024-09-01 09:08:42 [http-nio-8080-exec-2] INFO  com.wavemaker.controller.LoginServlet - logged in
2024-09-01 09:08:43 [http-nio-8080-exec-5] ERROR com.wavemaker.repository.impl.LeaveRepositoryimpl - java.sql.SQLSyntaxErrorException: Incorrect parameter count in the call to native function 'DATEDIFF'
2024-09-01 09:11:05 [http-nio-8080-exec-2] INFO  com.wavemaker.controller.LoginServlet - logged in
2024-09-01 09:23:30 [http-nio-8080-exec-1] INFO  com.wavemaker.controller.LeavesServlet - SICK
2024-09-01 09:23:30 [http-nio-8080-exec-1] INFO  com.wavemaker.controller.LeavesServlet - 2024-09-25
2024-09-01 09:23:30 [http-nio-8080-exec-1] INFO  com.wavemaker.controller.LeavesServlet - 2024-09-26
2024-09-01 09:23:30 [http-nio-8080-exec-1] INFO  com.wavemaker.controller.LeavesServlet - dfgh
2024-09-01 09:23:30 [http-nio-8080-exec-1] INFO  com.wavemaker.controller.LeavesServlet - PENDING
2024-09-01 09:23:30 [http-nio-8080-exec-1] INFO  com.wavemaker.repository.impl.LeaveRepositoryimpl - Leave 6 successfully applied
2024-09-01 09:23:30 [http-nio-8080-exec-1] INFO  com.wavemaker.controller.LeavesServlet - com.wavemaker.models.Leaves@7d93a29b
2024-09-01 09:25:25 [http-nio-8080-exec-8] INFO  com.wavemaker.controller.LoginServlet - logged in
2024-09-01 09:25:43 [http-nio-8080-exec-4] INFO  com.wavemaker.controller.LeavesServlet - PERSONAL
2024-09-01 09:25:43 [http-nio-8080-exec-4] INFO  com.wavemaker.controller.LeavesServlet - 2024-09-19
2024-09-01 09:25:43 [http-nio-8080-exec-4] INFO  com.wavemaker.controller.LeavesServlet - 2024-09-20
2024-09-01 09:25:43 [http-nio-8080-exec-4] INFO  com.wavemaker.controller.LeavesServlet - fg
2024-09-01 09:25:43 [http-nio-8080-exec-4] INFO  com.wavemaker.controller.LeavesServlet - PENDING
2024-09-01 09:25:43 [http-nio-8080-exec-4] INFO  com.wavemaker.repository.impl.LeaveRepositoryimpl - Leave 6 successfully applied
2024-09-01 09:25:43 [http-nio-8080-exec-4] INFO  com.wavemaker.controller.LeavesServlet - com.wavemaker.models.Leaves@57282c73
2024-09-01 09:27:21 [http-nio-8080-exec-6] INFO  com.wavemaker.controller.LeavesServlet - PERSONAL
2024-09-01 09:27:21 [http-nio-8080-exec-6] INFO  com.wavemaker.controller.LeavesServlet - 2024-09-19
2024-09-01 09:27:21 [http-nio-8080-exec-6] INFO  com.wavemaker.controller.LeavesServlet - 2024-09-20
2024-09-01 09:27:21 [http-nio-8080-exec-6] INFO  com.wavemaker.controller.LeavesServlet - fg
2024-09-01 09:27:21 [http-nio-8080-exec-6] INFO  com.wavemaker.controller.LeavesServlet - PENDING
2024-09-01 09:27:21 [http-nio-8080-exec-6] INFO  com.wavemaker.repository.impl.LeaveRepositoryimpl - Leave 6 successfully applied
2024-09-01 09:27:21 [http-nio-8080-exec-6] INFO  com.wavemaker.controller.LeavesServlet - com.wavemaker.models.Leaves@5b2a5c0f
2024-09-01 09:28:32 [http-nio-8080-exec-5] INFO  com.wavemaker.controller.LeavesServlet - SICK
2024-09-01 09:28:32 [http-nio-8080-exec-5] INFO  com.wavemaker.controller.LeavesServlet - 2024-09-18
2024-09-01 09:28:32 [http-nio-8080-exec-5] INFO  com.wavemaker.controller.LeavesServlet - 2024-09-19
2024-09-01 09:28:32 [http-nio-8080-exec-5] INFO  com.wavemaker.controller.LeavesServlet -  vbnm
2024-09-01 09:28:32 [http-nio-8080-exec-5] INFO  com.wavemaker.controller.LeavesServlet - PENDING
2024-09-01 09:28:32 [http-nio-8080-exec-5] INFO  com.wavemaker.repository.impl.LeaveRepositoryimpl - Leave 6 successfully applied
2024-09-01 09:28:32 [http-nio-8080-exec-5] INFO  com.wavemaker.controller.LeavesServlet - com.wavemaker.models.Leaves@297bcdaf
2024-09-01 09:29:18 [http-nio-8080-exec-2] INFO  com.wavemaker.controller.LoginServlet - logged in
2024-09-01 09:29:42 [http-nio-8080-exec-9] INFO  com.wavemaker.controller.LeavesServlet - PATERNITY
2024-09-01 09:29:42 [http-nio-8080-exec-9] INFO  com.wavemaker.controller.LeavesServlet - 2024-09-02
2024-09-01 09:29:42 [http-nio-8080-exec-9] INFO  com.wavemaker.controller.LeavesServlet - 2024-09-03
2024-09-01 09:29:42 [http-nio-8080-exec-9] INFO  com.wavemaker.controller.LeavesServlet - cvbn
2024-09-01 09:29:42 [http-nio-8080-exec-9] INFO  com.wavemaker.controller.LeavesServlet - PENDING
2024-09-01 09:29:42 [http-nio-8080-exec-9] INFO  com.wavemaker.repository.impl.LeaveRepositoryimpl - Leave 6 successfully applied
2024-09-01 09:29:47 [http-nio-8080-exec-9] INFO  com.wavemaker.controller.LeavesServlet - com.wavemaker.models.Leaves@5b38024a
2024-09-01 09:30:42 [http-nio-8080-exec-1] INFO  com.wavemaker.controller.LeavesServlet - PATERNITY
2024-09-01 09:30:42 [http-nio-8080-exec-1] INFO  com.wavemaker.controller.LeavesServlet - 2024-09-02
2024-09-01 09:30:42 [http-nio-8080-exec-1] INFO  com.wavemaker.controller.LeavesServlet - 2024-09-03
2024-09-01 09:30:42 [http-nio-8080-exec-1] INFO  com.wavemaker.controller.LeavesServlet - cvbn
2024-09-01 09:30:42 [http-nio-8080-exec-1] INFO  com.wavemaker.controller.LeavesServlet - PENDING
2024-09-01 09:30:42 [http-nio-8080-exec-1] INFO  com.wavemaker.repository.impl.LeaveRepositoryimpl - Leave 6 successfully applied
2024-09-01 09:30:46 [http-nio-8080-exec-1] INFO  com.wavemaker.controller.LeavesServlet - com.wavemaker.models.Leaves@64b64c05
2024-09-01 09:31:10 [http-nio-8080-exec-7] INFO  com.wavemaker.controller.LeavesServlet - SICK
2024-09-01 09:31:10 [http-nio-8080-exec-7] INFO  com.wavemaker.controller.LeavesServlet - 2024-09-12
2024-09-01 09:31:10 [http-nio-8080-exec-7] INFO  com.wavemaker.controller.LeavesServlet - 2024-09-13
2024-09-01 09:31:10 [http-nio-8080-exec-7] INFO  com.wavemaker.controller.LeavesServlet - cvbn
2024-09-01 09:31:10 [http-nio-8080-exec-7] INFO  com.wavemaker.controller.LeavesServlet - PENDING
2024-09-01 09:31:10 [http-nio-8080-exec-7] INFO  com.wavemaker.repository.impl.LeaveRepositoryimpl - Leave 6 successfully applied
2024-09-01 09:31:27 [http-nio-8080-exec-7] INFO  com.wavemaker.controller.LeavesServlet - com.wavemaker.models.Leaves@23658fcc
2024-09-01 09:32:00 [http-nio-8080-exec-4] INFO  com.wavemaker.controller.LeavesServlet - SICK
2024-09-01 09:32:00 [http-nio-8080-exec-4] INFO  com.wavemaker.controller.LeavesServlet - 2024-09-17
2024-09-01 09:32:00 [http-nio-8080-exec-4] INFO  com.wavemaker.controller.LeavesServlet - 2024-09-18
2024-09-01 09:32:00 [http-nio-8080-exec-4] INFO  com.wavemaker.controller.LeavesServlet - fghjk
2024-09-01 09:32:00 [http-nio-8080-exec-4] INFO  com.wavemaker.controller.LeavesServlet - PENDING
2024-09-01 09:32:00 [http-nio-8080-exec-4] INFO  com.wavemaker.repository.impl.LeaveRepositoryimpl - Leave 6 successfully applied
2024-09-01 09:32:00 [http-nio-8080-exec-4] INFO  com.wavemaker.controller.LeavesServlet - com.wavemaker.models.Leaves@4b3dfd3f
2024-09-01 09:35:24 [http-nio-8080-exec-7] INFO  com.wavemaker.controller.LeavesServlet - SICK
2024-09-01 09:35:24 [http-nio-8080-exec-7] INFO  com.wavemaker.controller.LeavesServlet - 2024-09-26
2024-09-01 09:35:24 [http-nio-8080-exec-7] INFO  com.wavemaker.controller.LeavesServlet - 2024-09-26
2024-09-01 09:35:24 [http-nio-8080-exec-7] INFO  com.wavemaker.controller.LeavesServlet - cvbn
2024-09-01 09:35:24 [http-nio-8080-exec-7] INFO  com.wavemaker.controller.LeavesServlet - PENDING
2024-09-01 09:35:24 [http-nio-8080-exec-7] INFO  com.wavemaker.repository.impl.LeaveRepositoryimpl - Leave 6 successfully applied
2024-09-01 09:35:24 [http-nio-8080-exec-7] INFO  com.wavemaker.controller.LeavesServlet - com.wavemaker.models.Leaves@6728cbcf
2024-09-01 13:34:02 [http-nio-8080-exec-5] INFO  com.wavemaker.controller.LoginServlet - logged in
2024-09-01 14:44:30 [http-nio-8080-exec-3] INFO  com.wavemaker.controller.LoginServlet - logged in
2024-09-01 14:47:45 [http-nio-8080-exec-10] INFO  com.wavemaker.controller.LoginServlet - logged in
2024-09-01 20:13:07 [http-nio-8080-exec-4] INFO  com.wavemaker.controller.LoginServlet - logged in
2024-09-01 20:14:40 [http-nio-8080-exec-9] INFO  com.wavemaker.controller.LoginServlet - logged in
2024-09-01 20:15:37 [http-nio-8080-exec-5] INFO  com.wavemaker.controller.LeavesServlet - SICK
2024-09-01 20:15:37 [http-nio-8080-exec-5] INFO  com.wavemaker.controller.LeavesServlet - 2024-09-23
2024-09-01 20:15:37 [http-nio-8080-exec-5] INFO  com.wavemaker.controller.LeavesServlet - 2024-09-27
2024-09-01 20:15:37 [http-nio-8080-exec-5] INFO  com.wavemaker.controller.LeavesServlet - xcfgh
2024-09-01 20:15:37 [http-nio-8080-exec-5] INFO  com.wavemaker.controller.LeavesServlet - PENDING
2024-09-01 20:15:37 [http-nio-8080-exec-5] INFO  com.wavemaker.repository.impl.LeaveRepositoryimpl - Leave 3 successfully applied
2024-09-01 20:15:37 [http-nio-8080-exec-5] INFO  com.wavemaker.controller.LeavesServlet - com.wavemaker.models.Leaves@248dfce6
2024-09-01 20:57:28 [http-nio-8080-exec-2] INFO  com.wavemaker.controller.LoginServlet - logged in
2024-09-01 20:58:00 [http-nio-8080-exec-7] INFO  com.wavemaker.controller.LeavesServlet - SICK
2024-09-01 20:58:00 [http-nio-8080-exec-7] INFO  com.wavemaker.controller.LeavesServlet - 2024-09-23
2024-09-01 20:58:00 [http-nio-8080-exec-7] INFO  com.wavemaker.controller.LeavesServlet - 2024-09-27
2024-09-01 20:58:00 [http-nio-8080-exec-7] INFO  com.wavemaker.controller.LeavesServlet - fghj
2024-09-01 20:58:00 [http-nio-8080-exec-7] INFO  com.wavemaker.controller.LeavesServlet - PENDING
2024-09-01 20:58:00 [http-nio-8080-exec-7] INFO  com.wavemaker.repository.impl.LeaveRepositoryimpl - Leave 6 successfully applied
2024-09-01 20:58:00 [http-nio-8080-exec-7] INFO  com.wavemaker.controller.LeavesServlet - com.wavemaker.models.Leaves@c9fc211
2024-09-01 20:58:21 [http-nio-8080-exec-5] INFO  com.wavemaker.controller.LoginServlet - logged in
2024-09-01 20:58:40 [http-nio-8080-exec-7] INFO  com.wavemaker.repository.impl.LeaveRepositoryimpl - leave status changed
2024-09-01 20:59:09 [http-nio-8080-exec-3] INFO  com.wavemaker.controller.LoginServlet - logged in
2024-09-01 20:59:24 [http-nio-8080-exec-8] INFO  com.wavemaker.controller.LeavesServlet - SICK
2024-09-01 20:59:24 [http-nio-8080-exec-8] INFO  com.wavemaker.controller.LeavesServlet - 2024-09-24
2024-09-01 20:59:24 [http-nio-8080-exec-8] INFO  com.wavemaker.controller.LeavesServlet - 2024-09-24
2024-09-01 20:59:24 [http-nio-8080-exec-8] INFO  com.wavemaker.controller.LeavesServlet - cvbn
2024-09-01 20:59:24 [http-nio-8080-exec-8] INFO  com.wavemaker.controller.LeavesServlet - PENDING
2024-09-01 20:59:24 [http-nio-8080-exec-8] INFO  com.wavemaker.repository.impl.LeaveRepositoryimpl - Leave 6 successfully applied
2024-09-01 20:59:24 [http-nio-8080-exec-8] INFO  com.wavemaker.controller.LeavesServlet - com.wavemaker.models.Leaves@248dfce6
2024-09-01 21:00:57 [http-nio-8080-exec-2] INFO  com.wavemaker.controller.LoginServlet - logged in
2024-09-01 21:01:12 [http-nio-8080-exec-6] INFO  com.wavemaker.controller.LeavesServlet - SICK
2024-09-01 21:01:12 [http-nio-8080-exec-6] INFO  com.wavemaker.controller.LeavesServlet - 2024-09-25
2024-09-01 21:01:12 [http-nio-8080-exec-6] INFO  com.wavemaker.controller.LeavesServlet - 2024-09-25
2024-09-01 21:01:12 [http-nio-8080-exec-6] INFO  com.wavemaker.controller.LeavesServlet - fghj
2024-09-01 21:01:12 [http-nio-8080-exec-6] INFO  com.wavemaker.controller.LeavesServlet - PENDING
2024-09-01 21:01:12 [http-nio-8080-exec-6] INFO  com.wavemaker.repository.impl.LeaveRepositoryimpl - Leave 6 successfully applied
2024-09-01 21:01:12 [http-nio-8080-exec-6] INFO  com.wavemaker.controller.LeavesServlet - com.wavemaker.models.Leaves@7fe3dfba
2024-09-01 21:04:29 [http-nio-8080-exec-5] INFO  com.wavemaker.controller.LoginServlet - logged in
2024-09-01 21:26:54 [http-nio-8080-exec-10] INFO  com.wavemaker.controller.LoginServlet - logged in
2024-09-01 22:29:36 [http-nio-8080-exec-4] INFO  com.wavemaker.controller.LoginServlet - logged in
2024-09-01 22:40:17 [http-nio-8080-exec-3] INFO  com.wavemaker.controller.LoginServlet - logged in
2024-09-01 22:40:51 [http-nio-8080-exec-10] INFO  com.wavemaker.controller.LoginServlet - logged in
2024-09-01 23:03:22 [http-nio-8080-exec-2] INFO  com.wavemaker.controller.LoginServlet - logged in
2024-09-01 23:07:04 [http-nio-8080-exec-2] INFO  com.wavemaker.controller.LoginServlet - logged in
2024-09-02 08:43:24 [http-nio-8080-exec-5] INFO  com.wavemaker.controller.LoginServlet - logged in
2024-09-02 08:44:00 [http-nio-8080-exec-4] INFO  com.wavemaker.controller.LoginServlet - logged in
2024-09-02 08:45:53 [http-nio-8080-exec-3] INFO  com.wavemaker.controller.LoginServlet - logged in
2024-09-02 08:50:32 [http-nio-8080-exec-4] INFO  com.wavemaker.controller.LoginServlet - logged in
2024-09-02 08:50:51 [http-nio-8080-exec-6] INFO  com.wavemaker.controller.LoginServlet - logged in
2024-09-02 08:53:41 [http-nio-8080-exec-4] INFO  com.wavemaker.controller.LoginServlet - logged in
2024-09-02 09:28:05 [http-nio-8080-exec-6] INFO  com.wavemaker.controller.LoginServlet - invalid credentials
2024-09-02 09:28:16 [http-nio-8080-exec-8] INFO  com.wavemaker.controller.LoginServlet - invalid credentials
2024-09-02 09:32:44 [http-nio-8080-exec-1] INFO  com.wavemaker.controller.LoginServlet - logged in
2024-09-02 09:41:10 [http-nio-8080-exec-3] INFO  com.wavemaker.controller.LoginServlet - logged in
2024-09-02 09:55:32 [http-nio-8080-exec-3] INFO  com.wavemaker.controller.LoginServlet - logged in
2024-09-02 09:56:15 [http-nio-8080-exec-6] INFO  com.wavemaker.controller.LoginServlet - logged in
2024-09-02 09:57:17 [http-nio-8080-exec-2] INFO  com.wavemaker.controller.LoginServlet - logged in
2024-09-02 10:31:56 [http-nio-8080-exec-7] INFO  com.wavemaker.controller.LoginServlet - logged in
2024-09-02 10:35:13 [http-nio-8080-exec-5] INFO  com.wavemaker.repository.impl.LeaveRepositoryimpl - leave status changed
2024-09-02 10:35:18 [http-nio-8080-exec-7] INFO  com.wavemaker.repository.impl.LeaveRepositoryimpl - leave status changed
2024-09-02 10:35:19 [http-nio-8080-exec-8] INFO  com.wavemaker.repository.impl.LeaveRepositoryimpl - leave status changed
2024-09-02 10:35:20 [http-nio-8080-exec-1] INFO  com.wavemaker.repository.impl.LeaveRepositoryimpl - leave status changed
2024-09-02 10:35:21 [http-nio-8080-exec-4] INFO  com.wavemaker.repository.impl.LeaveRepositoryimpl - leave status changed
2024-09-02 10:35:25 [http-nio-8080-exec-5] INFO  com.wavemaker.repository.impl.LeaveRepositoryimpl - leave status changed
2024-09-02 10:35:27 [http-nio-8080-exec-7] INFO  com.wavemaker.repository.impl.LeaveRepositoryimpl - leave status changed
2024-09-02 10:35:28 [http-nio-8080-exec-8] INFO  com.wavemaker.repository.impl.LeaveRepositoryimpl - leave status changed
2024-09-02 10:35:30 [http-nio-8080-exec-1] INFO  com.wavemaker.repository.impl.LeaveRepositoryimpl - leave status changed
2024-09-02 10:35:31 [http-nio-8080-exec-4] INFO  com.wavemaker.repository.impl.LeaveRepositoryimpl - leave status changed
2024-09-02 10:35:38 [http-nio-8080-exec-5] INFO  com.wavemaker.repository.impl.LeaveRepositoryimpl - leave status changed
2024-09-02 10:35:39 [http-nio-8080-exec-7] INFO  com.wavemaker.repository.impl.LeaveRepositoryimpl - leave status changed
2024-09-02 10:35:40 [http-nio-8080-exec-8] INFO  com.wavemaker.repository.impl.LeaveRepositoryimpl - leave status changed
2024-09-02 10:35:42 [http-nio-8080-exec-1] INFO  com.wavemaker.repository.impl.LeaveRepositoryimpl - leave status changed
2024-09-02 10:37:12 [http-nio-8080-exec-7] INFO  com.wavemaker.controller.LoginServlet - logged in
2024-09-02 10:50:53 [http-nio-8080-exec-3] INFO  com.wavemaker.controller.LoginServlet - logged in
2024-09-02 10:51:22 [http-nio-8080-exec-1] INFO  com.wavemaker.controller.LeavesServlet - SICK
2024-09-02 10:51:22 [http-nio-8080-exec-1] INFO  com.wavemaker.controller.LeavesServlet - 2024-09-25
2024-09-02 10:51:22 [http-nio-8080-exec-1] INFO  com.wavemaker.controller.LeavesServlet - 2024-09-25
2024-09-02 10:51:22 [http-nio-8080-exec-1] INFO  com.wavemaker.controller.LeavesServlet - NOT FEELING WELL
2024-09-02 10:51:22 [http-nio-8080-exec-1] INFO  com.wavemaker.controller.LeavesServlet - PENDING
2024-09-02 10:51:22 [http-nio-8080-exec-1] INFO  com.wavemaker.repository.impl.LeaveRepositoryimpl - Leave 6 successfully applied
2024-09-02 10:51:22 [http-nio-8080-exec-1] INFO  com.wavemaker.controller.LeavesServlet - com.wavemaker.models.Leaves@1476ec7d
2024-09-02 13:08:39 [http-nio-8080-exec-4] INFO  com.wavemaker.controller.LoginServlet - logged in
2024-09-02 13:11:17 [http-nio-8080-exec-3] INFO  com.wavemaker.controller.LoginServlet - logged in
2024-09-02 13:13:15 [http-nio-8080-exec-3] INFO  com.wavemaker.controller.LoginServlet - logged in
2024-09-02 13:14:26 [http-nio-8080-exec-3] INFO  com.wavemaker.controller.LoginServlet - logged in
2024-09-02 13:16:02 [http-nio-8080-exec-5] INFO  com.wavemaker.controller.LoginServlet - logged in
2024-09-02 13:52:56 [http-nio-8080-exec-5] INFO  com.wavemaker.controller.LoginServlet - logged in
2024-09-02 14:04:54 [http-nio-8080-exec-3] INFO  com.wavemaker.controller.LoginServlet - logged in
2024-09-02 14:06:05 [http-nio-8080-exec-2] INFO  com.wavemaker.controller.LoginServlet - logged in
2024-09-02 14:06:21 [http-nio-8080-exec-8] INFO  com.wavemaker.controller.LeavesServlet - PTO
2024-09-02 14:06:21 [http-nio-8080-exec-8] INFO  com.wavemaker.controller.LeavesServlet - 2024-09-24
2024-09-02 14:06:21 [http-nio-8080-exec-8] INFO  com.wavemaker.controller.LeavesServlet - 2024-09-25
2024-09-02 14:06:21 [http-nio-8080-exec-8] INFO  com.wavemaker.controller.LeavesServlet - holiday
2024-09-02 14:06:21 [http-nio-8080-exec-8] INFO  com.wavemaker.controller.LeavesServlet - PENDING
2024-09-02 14:06:21 [http-nio-8080-exec-8] INFO  com.wavemaker.repository.impl.LeaveRepositoryimpl - Leave 6 successfully applied
2024-09-02 14:06:21 [http-nio-8080-exec-8] INFO  com.wavemaker.controller.LeavesServlet - com.wavemaker.models.Leaves@1e87a358
2024-09-02 17:27:09 [http-nio-8080-exec-5] INFO  com.wavemaker.controller.LoginServlet - logged in
2024-09-02 17:35:58 [http-nio-8080-exec-5] INFO  com.wavemaker.controller.LoginServlet - logged in
2024-09-02 18:40:45 [http-nio-8080-exec-5] INFO  com.wavemaker.controller.LoginServlet - logged in
2024-09-02 18:41:05 [http-nio-8080-exec-1] INFO  com.wavemaker.controller.LeavesServlet - SICK
2024-09-02 18:41:05 [http-nio-8080-exec-1] INFO  com.wavemaker.controller.LeavesServlet - 2024-09-25
2024-09-02 18:41:05 [http-nio-8080-exec-1] INFO  com.wavemaker.controller.LeavesServlet - 2024-09-25
2024-09-02 18:41:05 [http-nio-8080-exec-1] INFO  com.wavemaker.controller.LeavesServlet - not feeling well
2024-09-02 18:41:05 [http-nio-8080-exec-1] INFO  com.wavemaker.controller.LeavesServlet - PENDING
2024-09-02 18:41:05 [http-nio-8080-exec-1] INFO  com.wavemaker.repository.impl.LeaveRepositoryimpl - Leave 6 successfully applied
2024-09-02 18:41:05 [http-nio-8080-exec-1] INFO  com.wavemaker.controller.LeavesServlet - com.wavemaker.models.Leaves@79961a28
2024-09-02 18:41:06 [http-nio-8080-exec-1] ERROR com.wavemaker.repository.impl.LeaveRepositoryimpl - java.sql.SQLSyntaxErrorException: Unknown column 'ID' in 'where clause'
2024-09-02 18:44:08 [http-nio-8080-exec-3] INFO  com.wavemaker.controller.LoginServlet - logged in
2024-09-02 18:44:33 [http-nio-8080-exec-9] INFO  com.wavemaker.controller.LeavesServlet - SICK
2024-09-02 18:44:33 [http-nio-8080-exec-9] INFO  com.wavemaker.controller.LeavesServlet - 2024-09-26
2024-09-02 18:44:33 [http-nio-8080-exec-9] INFO  com.wavemaker.controller.LeavesServlet - 2024-09-26
2024-09-02 18:44:33 [http-nio-8080-exec-9] INFO  com.wavemaker.controller.LeavesServlet - not feeling well
2024-09-02 18:44:33 [http-nio-8080-exec-9] INFO  com.wavemaker.controller.LeavesServlet - PENDING
2024-09-02 18:44:33 [http-nio-8080-exec-9] INFO  com.wavemaker.repository.impl.LeaveRepositoryimpl - Leave 6 successfully applied
2024-09-02 18:44:33 [http-nio-8080-exec-9] INFO  com.wavemaker.controller.LeavesServlet - com.wavemaker.models.Leaves@7881e80f
2024-09-02 18:46:48 [http-nio-8080-exec-3] INFO  com.wavemaker.controller.LoginServlet - logged in
2024-09-02 18:47:04 [http-nio-8080-exec-7] INFO  com.wavemaker.controller.LeavesServlet - PTO
2024-09-02 18:47:04 [http-nio-8080-exec-7] INFO  com.wavemaker.controller.LeavesServlet - 2024-09-18
2024-09-02 18:47:04 [http-nio-8080-exec-7] INFO  com.wavemaker.controller.LeavesServlet - 2024-09-19
2024-09-02 18:47:04 [http-nio-8080-exec-7] INFO  com.wavemaker.controller.LeavesServlet - pto
2024-09-02 18:47:04 [http-nio-8080-exec-7] INFO  com.wavemaker.controller.LeavesServlet - PENDING
2024-09-02 18:47:04 [http-nio-8080-exec-7] INFO  com.wavemaker.repository.impl.LeaveRepositoryimpl - Leave 6 successfully applied
2024-09-02 18:47:04 [http-nio-8080-exec-7] INFO  com.wavemaker.controller.LeavesServlet - com.wavemaker.models.Leaves@7881e80f
2024-09-02 19:01:19 [http-nio-8080-exec-3] INFO  com.wavemaker.controller.LoginServlet - logged in
2024-09-02 19:01:42 [http-nio-8080-exec-7] INFO  com.wavemaker.controller.LeavesServlet - PERSONAL
2024-09-02 19:01:42 [http-nio-8080-exec-7] INFO  com.wavemaker.controller.LeavesServlet - 2024-09-18
2024-09-02 19:01:42 [http-nio-8080-exec-7] INFO  com.wavemaker.controller.LeavesServlet - 2024-09-18
2024-09-02 19:01:42 [http-nio-8080-exec-7] INFO  com.wavemaker.controller.LeavesServlet - not 
2024-09-02 19:01:42 [http-nio-8080-exec-7] INFO  com.wavemaker.controller.LeavesServlet - PENDING
2024-09-02 19:01:42 [http-nio-8080-exec-7] INFO  com.wavemaker.repository.impl.LeaveRepositoryimpl - Leave 6 successfully applied
2024-09-02 19:01:42 [http-nio-8080-exec-7] INFO  com.wavemaker.controller.LeavesServlet - com.wavemaker.models.Leaves@67e3cea8
2024-09-02 19:27:59 [http-nio-8080-exec-3] INFO  com.wavemaker.controller.LoginServlet - logged in
2024-09-02 19:28:15 [http-nio-8080-exec-8] INFO  com.wavemaker.controller.LeavesServlet - PERSONAL
2024-09-02 19:28:15 [http-nio-8080-exec-8] INFO  com.wavemaker.controller.LeavesServlet - 2024-09-26
2024-09-02 19:28:15 [http-nio-8080-exec-8] INFO  com.wavemaker.controller.LeavesServlet - 2024-09-27
2024-09-02 19:28:15 [http-nio-8080-exec-8] INFO  com.wavemaker.controller.LeavesServlet - vbnm
2024-09-02 19:28:15 [http-nio-8080-exec-8] INFO  com.wavemaker.controller.LeavesServlet - PENDING
2024-09-02 19:28:15 [http-nio-8080-exec-8] INFO  com.wavemaker.repository.impl.LeaveRepositoryimpl - Leave 6 successfully applied
2024-09-02 19:28:15 [http-nio-8080-exec-8] INFO  com.wavemaker.controller.LeavesServlet - com.wavemaker.models.Leaves@53f8c70b
